<?xml version="1.0" encoding="UTF-8"?>
<!-- Generated by org.testng.reporters.JUnitReportReporter -->
<testsuite hostname="LAPTOP-FSROH3R8" failures="0" tests="1" name="voucherTest.GenerateVoucherTest" time="19.712" errors="0" timestamp="2024-04-21T18:33:57 BST" skipped="0">
  <testcase classname="voucherTest.GenerateVoucherTest" name="generateVoucher" time="19.712"/>
</testsuite> <!-- voucherTest.GenerateVoucherTest -->
